
   SAM 2016 Assembler Listing

   April 25, 2016 at 3:22 P.M.
   SOURCE FILE: /home/gosi1cal/Desktop/MaccNCheLion/Assign02.asm

        LN    LC
         0     0: LDA       R15,VARS
         1     4: LD    R7,L1T0
         2     8: IA    R7,L1T1
         3     C: STO   R7,L1T1
         4    10: LD    R7,L1T1
         5    14: IM    R7,L1T2
         6    18: STO   R7,L1T2
         7    1C: WRNL
         8    1E: WRST      L5T0
         9    22: WRI       L1T2
        10    26: WRNL      
        11    28: LDA   R1,L2T0
        12    2C: LD    R7,+0(R1)
        13    30: LD    R8,+2(R1)
        14    34: FA    R7,L2T1
        15    38: STO   R7,L2T1
        16    3C: LDA   R1,L2T1
        17    40: LD    R7,+0(R1)
        18    44: LD    R8,+2(R1)
        19    48: FM    R7,L2T2
        20    4C: WRF   R7
        21    4E: STO   R7,L2T2
        22    52: WRNL
        23    54: WRST      L5T1
        24    58: WRF       L2T2
        25    5C: WRNL      
        26    5E: LDA   R1,L3T1
        27    62: LD    R7,+0(R1)
        28    66: LD    R8,+2(R1)
        29    6A: FS    R7,L3T2
        30    6E: STO   R7,L3T2
        31    72: LDA   R1,L3T0
        32    76: LD    R7,+0(R1)
        33    7A: LD    R8,+2(R1)
        34    7E: FM    R7,L3T2
        35    82: WRF   R7
        36    84: STO   R7,L3T2
        37    88: WRNL
        38    8A: WRST      L5T2
        39    8E: WRF       L3T2
        40    92: WRNL      
        41    94: LD    R7,L4T1
        42    98: IM    R7,L4T2
        43    9C: STO   R7,L4T2
        44    A0: LD    R7,L4T0
        45    A4: IA    R7,L4T2
        46    A8: STO   R7,L4T2
        47    AC: LD    R7,L4T2
        48    B0: IS    R7,L4T3
        49    B4: STO   R7,L4T3
        50    B8: LD    R7,L4T3
        51    BC: ID    R7,L4T4
        52    C0: STO   R7,L4T4
        53    C4: WRNL
        54    C6: WRST      L5T3
        55    CA: WRI       L4T4
        56    CE: WRNL      
        57    D0: HALT      
        58    D2: % Data Area ------------
        59    D2: % ----------------------
        60    D2: LABEL    LBL1
        61    D2: INT   0
        62    D4: LABEL    L1T0
        63    D4: INT       3
        64    D6: LABEL    L1T1
        65    D6: INT       5
        66    D8: LABEL    L1T2
        67    D8: INT       4
        68    DA: LABEL    LBL2
        69    DA: REAL   0.0
        70    DE: LABEL    L2T0
        71    DE: REAL      2.3
        72    E2: LABEL    L2T1
        73    E2: REAL      7.1
        74    E6: LABEL    L2T2
        75    E6: REAL      5.0
        76    EA: LABEL    LBL3
        77    EA: REAL   0.0
        78    EE: LABEL    L3T0
        79    EE: REAL      5.0
        80    F2: LABEL    L3T1
        81    F2: REAL      3.6
        82    F6: LABEL    L3T2
        83    F6: REAL      2.9
        84    FA: LABEL    LBL4
        85    FA: INT   0
        86    FC: LABEL    L4T0
        87    FC: INT       2
        88    FE: LABEL    L4T1
        89    FE: INT       6
        90   100: LABEL    L4T2
        91   100: INT       9
        92   102: LABEL    L4T3
        93   102: INT       8
        94   104: LABEL    L4T4
        95   104: INT       7
        96   106: LABEL    LBL5
        97   106: SKIP    50
        98   138: LABEL    L5T0
        99   138: STRING    "x ="
       100   13C: LABEL    L5T1
       101   13C: STRING    "y ="
       102   140: LABEL    L5T2
       103   140: STRING    "z ="
       104   144: LABEL    L5T3
       105   144: STRING    "n ="
       106   148: 
       107   148: LABEL     VARS
       108   148: SKIP      2


MACC Memory Hexadecimal Dump

 ADDR |   0   1   2   3   4   5   6   7   8   9   A   B   C   D   E   F
------+----------------------------------------------------------------
    0 |  9F  90  01  48  8B  90  00  D4  0B  90  00  D6  93  90  00  D6
   10 |  8B  90  00  D6  1B  90  00  D8  93  90  00  D8  D5  80  D4  90
   20 |  01  38  D0  10  00  D8  D5  80  98  90  00  DE  8B  A1  00  00
   30 |  8C  21  00  02  33  90  00  E2  93  90  00  E2  98  90  00  E2
   40 |  8B  A1  00  00  8C  21  00  02  43  90  00  E6  D0  87  93  90
   50 |  00  E6  D5  80  D4  90  01  3C  D0  90  00  E6  D5  80  98  90
   60 |  00  F2  8B  A1  00  00  8C  21  00  02  3B  90  00  F6  93  90
   70 |  00  F6  98  90  00  EE  8B  A1  00  00  8C  21  00  02  43  90
   80 |  00  F6  D0  87  93  90  00  F6  D5  80  D4  90  01  40  D0  90
   90 |  00  F6  D5  80  8B  90  00  FE  1B  90  01  00  93  90  01  00
   A0 |  8B  90  00  FC  0B  90  01  00  93  90  01  00  8B  90  01  00
   B0 |  13  90  01  02  93  90  01  02  8B  90  01  02  23  90  01  04
   C0 |  93  90  01  04  D5  80  D4  90  01  44  D0  10  01  04  D5  80
   D0 |  F8  00  00  00  00  03  00  05  00  04  00  00  00  00  40  13
   E0 |  33  33  40  E3  33  33  40  A0  00  00  00  00  00  00  40  A0
   F0 |  00  00  40  66  66  66  40  39  99  9A  00  00  00  02  00  06
  100 |  00  09  00  08  00  07  00  00  00  00  00  00  00  00  00  00
  110 |  00  00  00  00  00  00  00  00  00  00  00  00  00  00  00  00
  120 |  00  00  00  00  00  00  00  00  00  00  00  00  00  00  00  00
  130 |  00  00  00  00  00  00  00  00  78  20  3D  00  79  20  3D  00
  140 |  7A  20  3D  00  6E  20  3D  00  00  00

